This is pdfTeX, Version 3.1415926-2.4-1.40.13 (TeX Live 2012/Debian) (format=pdflatex 2012.10.26)  12 NOV 2012 19:22
entering extended mode
 restricted \write18 enabled.
 %&-line parsing enabled.
**recherche.tex
(./recherche.tex
LaTeX2e <2011/06/27>
Babel <v3.8m> and hyphenation patterns for english, dumylang, nohyphenation, lo
aded.
(/usr/share/texlive/texmf-dist/tex/latex/base/report.cls
Document Class: report 2007/10/19 v1.4h Standard LaTeX document class
(/usr/share/texlive/texmf-dist/tex/latex/base/size12.clo
File: size12.clo 2007/10/19 v1.4h Standard LaTeX file (size option)
)
\c@part=\count79
\c@chapter=\count80
\c@section=\count81
\c@subsection=\count82
\c@subsubsection=\count83
\c@paragraph=\count84
\c@subparagraph=\count85
\c@figure=\count86
\c@table=\count87
\abovecaptionskip=\skip41
\belowcaptionskip=\skip42
\bibindent=\dimen102
)
(/usr/share/texlive/texmf-dist/tex/latex/base/inputenc.sty
Package: inputenc 2008/03/30 v1.1d Input encoding file
\inpenc@prehook=\toks14
\inpenc@posthook=\toks15

(/usr/share/texlive/texmf-dist/tex/latex/base/latin1.def
File: latin1.def 2008/03/30 v1.1d Input encoding file
))
(/usr/share/texlive/texmf-dist/tex/latex/preprint/fullpage.sty
Package: fullpage 1999/02/23 1.1 (PWD)
\FP@margin=\skip43
)
(/usr/share/texlive/texmf-dist/tex/latex/graphics/color.sty
Package: color 2005/11/14 v1.0j Standard LaTeX Color (DPC)

(/usr/share/texlive/texmf-dist/tex/latex/latexconfig/color.cfg
File: color.cfg 2007/01/18 v1.5 color configuration of teTeX/TeXLive
)
Package color Info: Driver file: pdftex.def on input line 130.

(/usr/share/texlive/texmf-dist/tex/latex/pdftex-def/pdftex.def
File: pdftex.def 2011/05/27 v0.06d Graphics/color for pdfTeX

(/usr/share/texlive/texmf-dist/tex/generic/oberdiek/infwarerr.sty
Package: infwarerr 2010/04/08 v1.3 Providing info/warning/error messages (HO)
)
(/usr/share/texlive/texmf-dist/tex/generic/oberdiek/ltxcmds.sty
Package: ltxcmds 2011/11/09 v1.22 LaTeX kernel commands for general use (HO)
)
\Gread@gobject=\count88
))
(/usr/share/texlive/texmf-dist/tex/latex/tools/array.sty
Package: array 2008/09/09 v2.4c Tabular extension package (FMi)
\col@sep=\dimen103
\extrarowheight=\dimen104
\NC@list=\toks16
\extratabsurround=\skip44
\backup@length=\skip45
)
(/usr/share/texlive/texmf-dist/tex/latex/tools/longtable.sty
Package: longtable 2004/02/01 v4.11 Multi-page Table package (DPC)
\LTleft=\skip46
\LTright=\skip47
\LTpre=\skip48
\LTpost=\skip49
\LTchunksize=\count89
\LTcapwidth=\dimen105
\LT@head=\box26
\LT@firsthead=\box27
\LT@foot=\box28
\LT@lastfoot=\box29
\LT@cols=\count90
\LT@rows=\count91
\c@LT@tables=\count92
\c@LT@chunks=\count93
\LT@p@ftn=\toks17
)
(/usr/share/texlive/texmf-dist/tex/latex/tools/calc.sty
Package: calc 2007/08/22 v4.3 Infix arithmetic (KKT,FJ)
\calc@Acount=\count94
\calc@Bcount=\count95
\calc@Adimen=\dimen106
\calc@Bdimen=\dimen107
\calc@Askip=\skip50
\calc@Bskip=\skip51
LaTeX Info: Redefining \setlength on input line 76.
LaTeX Info: Redefining \addtolength on input line 77.
\calc@Ccount=\count96
\calc@Cskip=\skip52
)
(/usr/share/texlive/texmf-dist/tex/latex/multirow/multirow.sty
\bigstrutjot=\dimen108
)
(/usr/share/texlive/texmf-dist/tex/latex/tools/hhline.sty
Package: hhline 1994/05/23 v2.03 Table rule package (DPC)
)
(/usr/share/texlive/texmf-dist/tex/latex/base/ifthen.sty
Package: ifthen 2001/05/26 v1.1c Standard LaTeX ifthen package (DPC)
)
No file recherche.aux.
\openout1 = `recherche.aux'.

LaTeX Font Info:    Checking defaults for OML/cmm/m/it on input line 69.
LaTeX Font Info:    ... okay on input line 69.
LaTeX Font Info:    Checking defaults for T1/cmr/m/n on input line 69.
LaTeX Font Info:    ... okay on input line 69.
LaTeX Font Info:    Checking defaults for OT1/cmr/m/n on input line 69.
LaTeX Font Info:    ... okay on input line 69.
LaTeX Font Info:    Checking defaults for OMS/cmsy/m/n on input line 69.
LaTeX Font Info:    ... okay on input line 69.
LaTeX Font Info:    Checking defaults for OMX/cmex/m/n on input line 69.
LaTeX Font Info:    ... okay on input line 69.
LaTeX Font Info:    Checking defaults for U/cmr/m/n on input line 69.
LaTeX Font Info:    ... okay on input line 69.
(/usr/share/texlive/texmf-dist/tex/context/base/supp-pdf.mkii
[Loading MPS to PDF converter (version 2006.09.02).]
\scratchcounter=\count97
\scratchdimen=\dimen109
\scratchbox=\box30
\nofMPsegments=\count98
\nofMParguments=\count99
\everyMPshowfont=\toks18
\MPscratchCnt=\count100
\MPscratchDim=\dimen110
\MPnumerator=\count101
\makeMPintoPDFobject=\count102
\everyMPtoPDFconversion=\toks19
)
\gnumericTableWidth=\skip53
\gnumericTableWidthComplete=\skip54
\gnumericMultiRowLength=\skip55
\gnumericColA=\skip56
LaTeX Font Info:    External font `cmex10' loaded for size
(Font)              <12> on input line 151.
LaTeX Font Info:    External font `cmex10' loaded for size
(Font)              <8> on input line 151.
LaTeX Font Info:    External font `cmex10' loaded for size
(Font)              <6> on input line 151.
\gnumericColB=\skip57
\gnumericColC=\skip58
\gnumericColD=\skip59
\gnumericColE=\skip60

Overfull \hbox (4.0404pt too wide) in paragraph at lines 221--221
\OT1/cmr/bx/n/12 icherung- 
 []


Overfull \hbox (37.8583pt too wide) in paragraph at lines 267--267
\OT1/cmr/m/n/12 Umweltmanagement- 
 []


Overfull \hbox (37.8583pt too wide) in paragraph at lines 291--291
\OT1/cmr/m/n/12 Umweltmanagement- 
 []


Overfull \hbox (24.47658pt too wide) in paragraph at lines 299--299
\OT1/cmr/m/n/12 http://de.wikipedia.org/wiki/EMAS- 
 []


Overfull \hbox (39.97307pt too wide) in paragraph at lines 311--311
\OT1/cmr/m/n/12 http://de.wikipedia.org/wiki/ISO[]14001|  
 []


Overfull \hbox (90.90227pt too wide) in paragraph at lines 323--323
\OT1/cmr/m/n/12 http://de.wikipedia.org/wiki/Umweltmanagement|  
 []


Overfull \hbox (0.40256pt too wide) in alignment at lines 163--346
 [] [] [] [] [] 
 []

[1

{/var/lib/texmf/fonts/map/pdftex/updmap/pdftex.map}] [2] (./recherche.aux) ) 
Here is how much of TeX's memory you used:
 1346 strings out of 495059
 17666 string characters out of 3182029
 89679 words of memory out of 3000000
 4556 multiletter control sequences out of 15000+200000
 6683 words of font info for 24 fonts, out of 3000000 for 9000
 14 hyphenation exceptions out of 8191
 22i,8n,19p,272b,198s stack positions out of 5000i,500n,10000p,200000b,50000s
</u
sr/share/texlive/texmf-dist/fonts/type1/public/amsfonts/cm/cmbx12.pfb></usr/sha
re/texlive/texmf-dist/fonts/type1/public/amsfonts/cm/cmr12.pfb>
Output written on recherche.pdf (2 pages, 37470 bytes).
PDF statistics:
 19 PDF objects out of 1000 (max. 8388607)
 12 compressed objects within 1 object stream
 0 named destinations out of 1000 (max. 500000)
 1 words of extra memory for PDF output out of 10000 (max. 10000000)

